0 info it worked if it ends with ok
1 verbose cli [ '/home/zuum/.nvm/versions/node/v4.4.5/bin/node',
1 verbose cli   '/home/zuum/.nvm/versions/node/v4.4.5/bin/npm',
1 verbose cli   'start' ]
2 info using npm@2.15.5
3 info using node@v4.4.5
4 verbose run-script [ 'prestart', 'start', 'poststart' ]
5 info prestart HelloWorld@0.0.1
6 info start HelloWorld@0.0.1
7 verbose unsafe-perm in lifecycle true
8 info HelloWorld@0.0.1 Failed to exec start script
9 verbose stack Error: HelloWorld@0.0.1 start: `nf start`
9 verbose stack spawn ENOENT
9 verbose stack     at ChildProcess.<anonymous> (/home/zuum/.nvm/versions/node/v4.4.5/lib/node_modules/npm/lib/utils/spawn.js:17:16)
9 verbose stack     at emitTwo (events.js:87:13)
9 verbose stack     at ChildProcess.emit (events.js:172:7)
9 verbose stack     at maybeClose (internal/child_process.js:827:16)
9 verbose stack     at Process.ChildProcess._handle.onexit (internal/child_process.js:211:5)
10 verbose pkgid HelloWorld@0.0.1
11 verbose cwd /home/zuum/Projects/HelloWorld
12 error Linux 4.2.0-38-generic
13 error argv "/home/zuum/.nvm/versions/node/v4.4.5/bin/node" "/home/zuum/.nvm/versions/node/v4.4.5/bin/npm" "start"
14 error node v4.4.5
15 error npm  v2.15.5
16 error file sh
17 error code ELIFECYCLE
18 error errno ENOENT
19 error syscall spawn
20 error HelloWorld@0.0.1 start: `nf start`
20 error spawn ENOENT
21 error Failed at the HelloWorld@0.0.1 start script 'nf start'.
21 error This is most likely a problem with the HelloWorld package,
21 error not with npm itself.
21 error Tell the author that this fails on your system:
21 error     nf start
21 error You can get information on how to open an issue for this project with:
21 error     npm bugs HelloWorld
21 error Or if that isn't available, you can get their info via:
21 error
21 error     npm owner ls HelloWorld
21 error There is likely additional logging output above.
22 verbose exit [ 1, true ]
